<?xml version="1.0" encoding="UTF-8"?>
<testng-results skipped="0" failed="0" ignored="0" total="2" passed="2">
  <reporter-output>
    <line>
      <![CDATA[&nbsp;&nbsp;&nbsp;&nbsp;Retrieved Property: key [driver.timeout.default], value [45]<br/>]]>
    </line>
    <line>
      <![CDATA[&nbsp;&nbsp;&nbsp;&nbsp;Retrieved Property: key [ex.url], value [http://executeautomation.com/demosite/Login.html]<br/>]]>
    </line>
    <line>
      <![CDATA[&nbsp;&nbsp;&nbsp;&nbsp;User [execute], Password [automation]<br/>]]>
    </line>
    <line>
      <![CDATA[&nbsp;&nbsp;&nbsp;&nbsp;Test Case Duration [00:00:05.506]<br/>]]>
    </line>
    <line>
      <![CDATA[&nbsp;&nbsp;&nbsp;&nbsp;Test-Case:Login with correct username and password using scenario outline<br/>]]>
    </line>
    <line>
      <![CDATA[&nbsp;&nbsp;&nbsp;&nbsp;Browser:chrome<br/>]]>
    </line>
    <line>
      <![CDATA[&nbsp;&nbsp;&nbsp;&nbsp;Retrieved Property: key [ex.url], value [http://executeautomation.com/demosite/Login.html]<br/>]]>
    </line>
    <line>
      <![CDATA[&nbsp;&nbsp;&nbsp;&nbsp;User [testing], Password [QA]<br/>]]>
    </line>
    <line>
      <![CDATA[&nbsp;&nbsp;&nbsp;&nbsp;Test Case Duration [00:00:05.594]<br/>]]>
    </line>
    <line>
      <![CDATA[&nbsp;&nbsp;&nbsp;&nbsp;Test-Case:Login with correct username and password using scenario outline<br/>]]>
    </line>
    <line>
      <![CDATA[&nbsp;&nbsp;&nbsp;&nbsp;Browser:chrome<br/>]]>
    </line>
    <line>
      <![CDATA[&nbsp;&nbsp;&nbsp;&nbsp;Retrieved Property: key [sauce.url], value [https://saucelabs-sample-test-frameworks.github.io/training-test-page]<br/>]]>
    </line>
    <line>
      <![CDATA[&nbsp;&nbsp;&nbsp;&nbsp;Test Case Duration [00:00:01.994]<br/>]]>
    </line>
    <line>
      <![CDATA[&nbsp;&nbsp;&nbsp;&nbsp;Test-Case:Can Submit Comment<br/>]]>
    </line>
    <line>
      <![CDATA[&nbsp;&nbsp;&nbsp;&nbsp;Browser:chrome<br/>]]>
    </line>
  </reporter-output>
  <suite name="Cucumber Smoke Test" duration-ms="16544" started-at="2018-12-27T02:02:36Z" finished-at="2018-12-27T02:02:52Z">
    <groups>
      <group name="cucumber">
        <method signature="SmokeTest.feature(cucumber.api.testng.CucumberFeatureWrapper)[pri:0, instance:com.company.runners.SmokeTest@58651fd0]" name="feature" class="com.company.runners.SmokeTest"/>
      </group> <!-- cucumber -->
    </groups>
    <test name="Run Smoke Test" duration-ms="16544" started-at="2018-12-27T02:02:36Z" finished-at="2018-12-27T02:02:52Z">
      <class name="com.company.runners.SmokeTest">
        <test-method status="PASS" signature="setUpClass()[pri:0, instance:com.company.runners.SmokeTest@58651fd0]" name="setUpClass" is-config="true" duration-ms="155" started-at="2018-12-27T02:02:36Z" finished-at="2018-12-27T02:02:36Z">
          <reporter-output>
          </reporter-output>
        </test-method> <!-- setUpClass -->
        <test-method status="PASS" signature="feature(cucumber.api.testng.CucumberFeatureWrapper)[pri:0, instance:com.company.runners.SmokeTest@58651fd0]" name="feature" duration-ms="13434" started-at="2018-12-27T02:02:36Z" description="Runs Cucumber Smoke test" data-provider="features" finished-at="2018-12-27T02:02:49Z">
          <params>
            <param index="0">
              <value>
                <![CDATA[LoginFeature]]>
              </value>
            </param>
          </params>
          <reporter-output>
            <line>
              <![CDATA[&nbsp;&nbsp;&nbsp;&nbsp;Retrieved Property: key [driver.timeout.default], value [45]<br/>]]>
            </line>
            <line>
              <![CDATA[&nbsp;&nbsp;&nbsp;&nbsp;Retrieved Property: key [ex.url], value [http://executeautomation.com/demosite/Login.html]<br/>]]>
            </line>
            <line>
              <![CDATA[&nbsp;&nbsp;&nbsp;&nbsp;User [execute], Password [automation]<br/>]]>
            </line>
            <line>
              <![CDATA[&nbsp;&nbsp;&nbsp;&nbsp;Test Case Duration [00:00:05.506]<br/>]]>
            </line>
            <line>
              <![CDATA[&nbsp;&nbsp;&nbsp;&nbsp;Test-Case:Login with correct username and password using scenario outline<br/>]]>
            </line>
            <line>
              <![CDATA[&nbsp;&nbsp;&nbsp;&nbsp;Browser:chrome<br/>]]>
            </line>
            <line>
              <![CDATA[&nbsp;&nbsp;&nbsp;&nbsp;Retrieved Property: key [ex.url], value [http://executeautomation.com/demosite/Login.html]<br/>]]>
            </line>
            <line>
              <![CDATA[&nbsp;&nbsp;&nbsp;&nbsp;User [testing], Password [QA]<br/>]]>
            </line>
            <line>
              <![CDATA[&nbsp;&nbsp;&nbsp;&nbsp;Test Case Duration [00:00:05.594]<br/>]]>
            </line>
            <line>
              <![CDATA[&nbsp;&nbsp;&nbsp;&nbsp;Test-Case:Login with correct username and password using scenario outline<br/>]]>
            </line>
            <line>
              <![CDATA[&nbsp;&nbsp;&nbsp;&nbsp;Browser:chrome<br/>]]>
            </line>
          </reporter-output>
        </test-method> <!-- feature -->
        <test-method status="PASS" signature="feature(cucumber.api.testng.CucumberFeatureWrapper)[pri:0, instance:com.company.runners.SmokeTest@58651fd0]" name="feature" duration-ms="2880" started-at="2018-12-27T02:02:49Z" description="Runs Cucumber Smoke test" data-provider="features" finished-at="2018-12-27T02:02:52Z">
          <params>
            <param index="0">
              <value>
                <![CDATA[Guinea Pig comment]]>
              </value>
            </param>
          </params>
          <reporter-output>
            <line>
              <![CDATA[&nbsp;&nbsp;&nbsp;&nbsp;Retrieved Property: key [sauce.url], value [https://saucelabs-sample-test-frameworks.github.io/training-test-page]<br/>]]>
            </line>
            <line>
              <![CDATA[&nbsp;&nbsp;&nbsp;&nbsp;Test Case Duration [00:00:01.994]<br/>]]>
            </line>
            <line>
              <![CDATA[&nbsp;&nbsp;&nbsp;&nbsp;Test-Case:Can Submit Comment<br/>]]>
            </line>
            <line>
              <![CDATA[&nbsp;&nbsp;&nbsp;&nbsp;Browser:chrome<br/>]]>
            </line>
          </reporter-output>
        </test-method> <!-- feature -->
        <test-method status="PASS" signature="tearDownClass()[pri:0, instance:com.company.runners.SmokeTest@58651fd0]" name="tearDownClass" is-config="true" duration-ms="6" started-at="2018-12-27T02:02:52Z" finished-at="2018-12-27T02:02:52Z">
          <reporter-output>
          </reporter-output>
        </test-method> <!-- tearDownClass -->
      </class> <!-- com.company.runners.SmokeTest -->
    </test> <!-- Run Smoke Test -->
  </suite> <!-- Cucumber Smoke Test -->
</testng-results>
