<?xml version="1.0" encoding="UTF-8"?>
<testng-results skipped="0" failed="0" ignored="0" total="2" passed="2">
  <reporter-output>
    <line>
      <![CDATA[&nbsp;&nbsp;&nbsp;&nbsp;Retrieved Property: key [driver.timeout.default], value [45]<br/>]]>
    </line>
    <line>
      <![CDATA[&nbsp;&nbsp;&nbsp;&nbsp;Retrieved Property: key [ex.url], value [http://executeautomation.com/demosite/Login.html]<br/>]]>
    </line>
    <line>
      <![CDATA[&nbsp;&nbsp;&nbsp;&nbsp;User [execute], Password [automation]<br/>]]>
    </line>
    <line>
      <![CDATA[&nbsp;&nbsp;&nbsp;&nbsp;Test Case Duration [00:00:01.795]<br/>]]>
    </line>
    <line>
      <![CDATA[&nbsp;&nbsp;&nbsp;&nbsp;Test-Case:Login with correct username and password using scenario outline<br/>]]>
    </line>
    <line>
      <![CDATA[&nbsp;&nbsp;&nbsp;&nbsp;Browser:chrome<br/>]]>
    </line>
    <line>
      <![CDATA[&nbsp;&nbsp;&nbsp;&nbsp;Retrieved Property: key [ex.url], value [http://executeautomation.com/demosite/Login.html]<br/>]]>
    </line>
    <line>
      <![CDATA[&nbsp;&nbsp;&nbsp;&nbsp;User [testing], Password [QA]<br/>]]>
    </line>
    <line>
      <![CDATA[&nbsp;&nbsp;&nbsp;&nbsp;Test Case Duration [00:00:01.645]<br/>]]>
    </line>
    <line>
      <![CDATA[&nbsp;&nbsp;&nbsp;&nbsp;Test-Case:Login with correct username and password using scenario outline<br/>]]>
    </line>
    <line>
      <![CDATA[&nbsp;&nbsp;&nbsp;&nbsp;Browser:chrome<br/>]]>
    </line>
    <line>
      <![CDATA[&nbsp;&nbsp;&nbsp;&nbsp;Retrieved Property: key [sauce.url], value [https://saucelabs-sample-test-frameworks.github.io/training-test-page]<br/>]]>
    </line>
    <line>
      <![CDATA[&nbsp;&nbsp;&nbsp;&nbsp;Test Case Duration [00:00:00.952]<br/>]]>
    </line>
    <line>
      <![CDATA[&nbsp;&nbsp;&nbsp;&nbsp;Test-Case:Can Submit Comment<br/>]]>
    </line>
    <line>
      <![CDATA[&nbsp;&nbsp;&nbsp;&nbsp;Browser:chrome<br/>]]>
    </line>
  </reporter-output>
  <suite name="All Cucumber Test" duration-ms="7889" started-at="2018-12-27T02:50:11Z" finished-at="2018-12-27T02:50:19Z">
    <groups>
      <group name="cucumber">
        <method signature="AbstractTestNGCucumberTests.feature(cucumber.api.testng.CucumberFeatureWrapper)[pri:0, instance:com.company.runners.RunAllTest@d2cc05a]" name="feature" class="cucumber.api.testng.AbstractTestNGCucumberTests"/>
      </group> <!-- cucumber -->
    </groups>
    <test name="Run All Test" duration-ms="7889" started-at="2018-12-27T02:50:11Z" finished-at="2018-12-27T02:50:19Z">
      <class name="com.company.runners.RunAllTest">
        <test-method status="PASS" signature="setUpClass()[pri:0, instance:com.company.runners.RunAllTest@d2cc05a]" name="setUpClass" is-config="true" duration-ms="156" started-at="2018-12-27T02:50:11Z" finished-at="2018-12-27T02:50:11Z">
          <reporter-output>
          </reporter-output>
        </test-method> <!-- setUpClass -->
        <test-method status="PASS" signature="feature(cucumber.api.testng.CucumberFeatureWrapper)[pri:0, instance:com.company.runners.RunAllTest@d2cc05a]" name="feature" duration-ms="5807" started-at="2018-12-27T02:50:11Z" description="Runs Cucumber Feature" data-provider="features" finished-at="2018-12-27T02:50:17Z">
          <params>
            <param index="0">
              <value>
                <![CDATA[LoginFeature]]>
              </value>
            </param>
          </params>
          <reporter-output>
            <line>
              <![CDATA[&nbsp;&nbsp;&nbsp;&nbsp;Retrieved Property: key [driver.timeout.default], value [45]<br/>]]>
            </line>
            <line>
              <![CDATA[&nbsp;&nbsp;&nbsp;&nbsp;Retrieved Property: key [ex.url], value [http://executeautomation.com/demosite/Login.html]<br/>]]>
            </line>
            <line>
              <![CDATA[&nbsp;&nbsp;&nbsp;&nbsp;User [execute], Password [automation]<br/>]]>
            </line>
            <line>
              <![CDATA[&nbsp;&nbsp;&nbsp;&nbsp;Test Case Duration [00:00:01.795]<br/>]]>
            </line>
            <line>
              <![CDATA[&nbsp;&nbsp;&nbsp;&nbsp;Test-Case:Login with correct username and password using scenario outline<br/>]]>
            </line>
            <line>
              <![CDATA[&nbsp;&nbsp;&nbsp;&nbsp;Browser:chrome<br/>]]>
            </line>
            <line>
              <![CDATA[&nbsp;&nbsp;&nbsp;&nbsp;Retrieved Property: key [ex.url], value [http://executeautomation.com/demosite/Login.html]<br/>]]>
            </line>
            <line>
              <![CDATA[&nbsp;&nbsp;&nbsp;&nbsp;User [testing], Password [QA]<br/>]]>
            </line>
            <line>
              <![CDATA[&nbsp;&nbsp;&nbsp;&nbsp;Test Case Duration [00:00:01.645]<br/>]]>
            </line>
            <line>
              <![CDATA[&nbsp;&nbsp;&nbsp;&nbsp;Test-Case:Login with correct username and password using scenario outline<br/>]]>
            </line>
            <line>
              <![CDATA[&nbsp;&nbsp;&nbsp;&nbsp;Browser:chrome<br/>]]>
            </line>
          </reporter-output>
        </test-method> <!-- feature -->
        <test-method status="PASS" signature="feature(cucumber.api.testng.CucumberFeatureWrapper)[pri:0, instance:com.company.runners.RunAllTest@d2cc05a]" name="feature" duration-ms="1849" started-at="2018-12-27T02:50:17Z" description="Runs Cucumber Feature" data-provider="features" finished-at="2018-12-27T02:50:19Z">
          <params>
            <param index="0">
              <value>
                <![CDATA[Guinea Pig comment]]>
              </value>
            </param>
          </params>
          <reporter-output>
            <line>
              <![CDATA[&nbsp;&nbsp;&nbsp;&nbsp;Retrieved Property: key [sauce.url], value [https://saucelabs-sample-test-frameworks.github.io/training-test-page]<br/>]]>
            </line>
            <line>
              <![CDATA[&nbsp;&nbsp;&nbsp;&nbsp;Test Case Duration [00:00:00.952]<br/>]]>
            </line>
            <line>
              <![CDATA[&nbsp;&nbsp;&nbsp;&nbsp;Test-Case:Can Submit Comment<br/>]]>
            </line>
            <line>
              <![CDATA[&nbsp;&nbsp;&nbsp;&nbsp;Browser:chrome<br/>]]>
            </line>
          </reporter-output>
        </test-method> <!-- feature -->
        <test-method status="PASS" signature="tearDownClass()[pri:0, instance:com.company.runners.RunAllTest@d2cc05a]" name="tearDownClass" is-config="true" duration-ms="8" started-at="2018-12-27T02:50:19Z" finished-at="2018-12-27T02:50:19Z">
          <reporter-output>
          </reporter-output>
        </test-method> <!-- tearDownClass -->
      </class> <!-- com.company.runners.RunAllTest -->
    </test> <!-- Run All Test -->
  </suite> <!-- All Cucumber Test -->
</testng-results>
